[0929/213134:ERROR:process_info.cc(608)] range at 0xfe5ef000, size 0x230 fully unreadable
[0929/213134:ERROR:process_info.cc(608)] range at 0xfe5ee000, size 0xf84 fully unreadable
[0929/213134:ERROR:process_info.cc(608)] range at 0xfe7a8000, size 0x230 fully unreadable
[0929/213134:ERROR:process_info.cc(608)] range at 0xfe7ae000, size 0xf84 fully unreadable
[0929/213134:ERROR:process_info.cc(608)] range at 0xfedc4000, size 0x230 fully unreadable
[0929/213134:ERROR:process_info.cc(608)] range at 0xfedcf000, size 0xf84 fully unreadable
[0929/213134:ERROR:process_info.cc(608)] range at 0xfeff8000, size 0x230 fully unreadable
[0929/213134:ERROR:process_info.cc(608)] range at 0xfefff000, size 0xf84 fully unreadable
[0929/213134:ERROR:process_reader_win.cc(233)] ReadMemory at 0xe9a000 of 24576 bytes failed: 仅完成部分的 ReadProcessMemory 或 WriteProcessMemory 请求。 (0x12B)
[0929/213134:ERROR:crash_report_exception_handler.cc(102)] WriteEverything failed
[0929/213134:ERROR:scoped_process_suspend.cc(38)] NtResumeProcess, ntstatus=-1073741558
[0929/213134:ERROR:process_reader_win.cc(233)] ReadMemory at 0x93a000 of 24576 bytes failed: 仅完成部分的 ReadProcessMemory 或 WriteProcessMemory 请求。 (0x12B)
[0929/213134:ERROR:crash_report_exception_handler.cc(102)] WriteEverything failed
[0929/213134:ERROR:scoped_process_suspend.cc(38)] NtResumeProcess, ntstatus=-1073741558
[0929/213147:ERROR:process_info.cc(608)] range at 0xff1a8000, size 0x230 fully unreadable
[0929/213147:ERROR:process_info.cc(608)] range at 0xffd0f000, size 0x230 fully unreadable
[0929/213147:ERROR:process_reader_win.cc(142)] SuspendThread: 拒绝访问。 (0x5)
[0929/213147:ERROR:process_reader_win.cc(142)] SuspendThread: 拒绝访问。 (0x5)
[0929/213147:ERROR:process_info.cc(608)] range at 0xff1ae000, size 0xf84 fully unreadable
[0929/213147:ERROR:process_reader_win.cc(142)] SuspendThread: 拒绝访问。 (0x5)
[0929/213147:ERROR:process_reader_win.cc(142)] SuspendThread: 拒绝访问。 (0x5)
[0929/213147:ERROR:process_info.cc(608)] range at 0xffd0b000, size 0xf84 fully unreadable
[0929/213147:ERROR:process_info.cc(608)] range at 0xff53e000, size 0x230 fully unreadable
[0929/213147:ERROR:process_reader_win.cc(142)] SuspendThread: 拒绝访问。 (0x5)
[0929/213147:ERROR:process_reader_win.cc(142)] SuspendThread: 拒绝访问。 (0x5)
[0929/213147:ERROR:process_reader_win.cc(142)] SuspendThread: 拒绝访问。 (0x5)
[0929/213147:ERROR:process_info.cc(608)] range at 0xff53d000, size 0xf84 fully unreadable
[0929/213147:ERROR:process_info.cc(608)] range at 0xfefa6000, size 0x230 fully unreadable
[0929/213147:ERROR:process_reader_win.cc(142)] SuspendThread: 拒绝访问。 (0x5)
[0929/213147:ERROR:process_reader_win.cc(142)] SuspendThread: 拒绝访问。 (0x5)
[0929/213147:ERROR:process_reader_win.cc(142)] SuspendThread: 拒绝访问。 (0x5)
[0929/213147:ERROR:process_reader_win.cc(142)] SuspendThread: 拒绝访问。 (0x5)
[0929/213147:ERROR:process_info.cc(608)] range at 0xfefaf000, size 0xf84 fully unreadable
[0929/213147:ERROR:process_info.cc(608)] range at 0xfee8a000, size 0x230 fully unreadable
[0929/213147:ERROR:process_reader_win.cc(142)] SuspendThread: 拒绝访问。 (0x5)
[0929/213147:ERROR:process_reader_win.cc(142)] SuspendThread: 拒绝访问。 (0x5)
[0929/213147:ERROR:process_info.cc(608)] range at 0xfee8e000, size 0xf84 fully unreadable
[0929/213147:ERROR:process_info.cc(608)] range at 0xff0cb000, size 0x230 fully unreadable
[0929/213147:ERROR:process_reader_win.cc(142)] SuspendThread: 拒绝访问。 (0x5)
[0929/213147:ERROR:process_reader_win.cc(142)] SuspendThread: 拒绝访问。 (0x5)
[0929/213147:ERROR:process_reader_win.cc(142)] SuspendThread: 拒绝访问。 (0x5)
[0929/213147:ERROR:process_reader_win.cc(142)] SuspendThread: 拒绝访问。 (0x5)
[0929/213147:ERROR:process_info.cc(608)] range at 0xff0cf000, size 0xf84 fully unreadable
[0929/213147:ERROR:process_info.cc(608)] range at 0xff1aa000, size 0x230 fully unreadable
[0929/213147:ERROR:process_info.cc(608)] range at 0xfe36c000, size 0x230 fully unreadable
[0929/213147:ERROR:process_info.cc(608)] range at 0xff1ae000, size 0xf84 fully unreadable
[0929/213147:ERROR:process_info.cc(608)] range at 0xfe36f000, size 0xf84 fully unreadable
